1549315780832	mozrunner::runner	INFO	Running command: "/usr/bin/firefox" "-marionette" "-foreground" "-no-remote" "-profile" "/tmp/rust_mozprofile.pUglRxkOwWeA"
1549315781638	addons.webextension.screenshots@mozilla.org	WARN	Loading extension 'screenshots@mozilla.org': Reading manifest: Invalid host permission: resource://pdf.js/
1549315781638	addons.webextension.screenshots@mozilla.org	WARN	Loading extension 'screenshots@mozilla.org': Reading manifest: Invalid host permission: about:reader*

(firefox:10357): Gtk-WARNING **: 22:29:41.895: Theme parsing error: <data>:1:31: Expected ')' in color definition

(firefox:10357): Gtk-WARNING **: 22:29:41.895: Theme parsing error: <data>:1:75: Expected ')' in color definition
1549315783257	Marionette	INFO	Listening on port 40169
1549315784321	Marionette	WARN	TLS certificate errors will be ignored for this session

(/usr/lib/firefox/firefox:10545): dconf-WARNING **: 22:29:53.210: Unable to open /var/lib/snapd/desktop/dconf/profile/user: Permission denied
1549315803868	Marionette	INFO	Stopped listening on port 40169

###!!! [Child][RunMessage] Error: Channel closing: too late to send/recv, messages will be lost

1549315921060	mozrunner::runner	INFO	Running command: "/usr/bin/firefox" "-marionette" "-foreground" "-no-remote" "-profile" "/tmp/rust_mozprofile.5wssZ9LcY7Q3"
1549315921399	addons.webextension.screenshots@mozilla.org	WARN	Loading extension 'screenshots@mozilla.org': Reading manifest: Invalid host permission: resource://pdf.js/
1549315921399	addons.webextension.screenshots@mozilla.org	WARN	Loading extension 'screenshots@mozilla.org': Reading manifest: Invalid host permission: about:reader*

(firefox:10710): Gtk-WARNING **: 22:32:01.610: Theme parsing error: <data>:1:31: Expected ')' in color definition

(firefox:10710): Gtk-WARNING **: 22:32:01.610: Theme parsing error: <data>:1:75: Expected ')' in color definition
1549315922666	Marionette	INFO	Listening on port 45557
1549315922681	Marionette	WARN	TLS certificate errors will be ignored for this session

(/usr/lib/firefox/firefox:10914): dconf-WARNING **: 22:32:11.623: Unable to open /var/lib/snapd/desktop/dconf/profile/user: Permission denied
1549315932086	Marionette	INFO	Stopped listening on port 45557
[Parent 10710, Gecko_IOThread] WARNING: pipe error (81): Connection reset by peer: file /build/firefox-nSunSF/firefox-65.0+build2/ipc/chromium/src/chrome/common/ipc_channel_posix.cc, line 349
1549316241526	mozrunner::runner	INFO	Running command: "/usr/bin/firefox" "-marionette" "-foreground" "-no-remote" "-profile" "/tmp/rust_mozprofile.Yc1sBxhSGOsv"
1549316241857	addons.webextension.screenshots@mozilla.org	WARN	Loading extension 'screenshots@mozilla.org': Reading manifest: Invalid host permission: resource://pdf.js/
1549316241857	addons.webextension.screenshots@mozilla.org	WARN	Loading extension 'screenshots@mozilla.org': Reading manifest: Invalid host permission: about:reader*

(firefox:11088): Gtk-WARNING **: 22:37:22.060: Theme parsing error: <data>:1:31: Expected ')' in color definition

(firefox:11088): Gtk-WARNING **: 22:37:22.060: Theme parsing error: <data>:1:75: Expected ')' in color definition
1549316243104	Marionette	INFO	Listening on port 35427
1549316243151	Marionette	WARN	TLS certificate errors will be ignored for this session
1549316255682	Marionette	INFO	Stopped listening on port 35427

(/usr/lib/firefox/firefox:11211): dconf-WARNING **: 22:37:35.698: Unable to open /var/lib/snapd/desktop/dconf/profile/user: Permission denied

###!!! [Child][RunMessage] Error: Channel closing: too late to send/recv, messages will be lost


###!!! [Child][RunMessage] Error: Channel closing: too late to send/recv, messages will be lost


###!!! [Child][RunMessage] Error: Channel closing: too late to send/recv, messages will be lost


###!!! [Child][RunMessage] Error: Channel closing: too late to send/recv, messages will be lost


###!!! [Child][RunMessage] Error: Channel closing: too late to send/recv, messages will be lost

1549316434924	mozrunner::runner	INFO	Running command: "/usr/bin/firefox" "-marionette" "-foreground" "-no-remote" "-profile" "/tmp/rust_mozprofile.A0IA0WjYefhr"
1549316435256	addons.webextension.screenshots@mozilla.org	WARN	Loading extension 'screenshots@mozilla.org': Reading manifest: Invalid host permission: resource://pdf.js/
1549316435256	addons.webextension.screenshots@mozilla.org	WARN	Loading extension 'screenshots@mozilla.org': Reading manifest: Invalid host permission: about:reader*

(firefox:11436): Gtk-WARNING **: 22:40:35.474: Theme parsing error: <data>:1:31: Expected ')' in color definition

(firefox:11436): Gtk-WARNING **: 22:40:35.474: Theme parsing error: <data>:1:75: Expected ')' in color definition
1549316436446	Marionette	INFO	Listening on port 33575
1549316436538	Marionette	WARN	TLS certificate errors will be ignored for this session
1549316444711	Marionette	INFO	Stopped listening on port 33575

(/usr/lib/firefox/firefox:11537): dconf-WARNING **: 22:40:44.737: Unable to open /var/lib/snapd/desktop/dconf/profile/user: Permission denied
[Parent 11436, Gecko_IOThread] WARNING: pipe error (78): Connection reset by peer: file /build/firefox-nSunSF/firefox-65.0+build2/ipc/chromium/src/chrome/common/ipc_channel_posix.cc, line 349
[Parent 11436, Gecko_IOThread] WARNING: pipe error (84): Connection reset by peer: file /build/firefox-nSunSF/firefox-65.0+build2/ipc/chromium/src/chrome/common/ipc_channel_posix.cc, line 349
1549316493623	mozrunner::runner	INFO	Running command: "/usr/bin/firefox" "-marionette" "-foreground" "-no-remote" "-profile" "/tmp/rust_mozprofile.BRrxui4hO4We"
1549316493958	addons.webextension.screenshots@mozilla.org	WARN	Loading extension 'screenshots@mozilla.org': Reading manifest: Invalid host permission: resource://pdf.js/
1549316493960	addons.webextension.screenshots@mozilla.org	WARN	Loading extension 'screenshots@mozilla.org': Reading manifest: Invalid host permission: about:reader*

(firefox:11673): Gtk-WARNING **: 22:41:34.148: Theme parsing error: <data>:1:31: Expected ')' in color definition

(firefox:11673): Gtk-WARNING **: 22:41:34.149: Theme parsing error: <data>:1:75: Expected ')' in color definition
1549316495206	Marionette	INFO	Listening on port 37199
1549316495240	Marionette	WARN	TLS certificate errors will be ignored for this session

(/usr/lib/firefox/firefox:11742): dconf-WARNING **: 22:41:46.088: Unable to open /var/lib/snapd/desktop/dconf/profile/user: Permission denied
1549316516852	Marionette	INFO	Stopped listening on port 37199
[Parent 11673, Gecko_IOThread] WARNING: pipe error (84): Connection reset by peer: file /build/firefox-nSunSF/firefox-65.0+build2/ipc/chromium/src/chrome/common/ipc_channel_posix.cc, line 349
1551899320332	mozrunner::runner	INFO	Running command: "/usr/bin/firefox" "-marionette" "-foreground" "-no-remote" "-profile" "/tmp/rust_mozprofile.sV5jXfhF93uS"
1551899321109	addons.webextension.screenshots@mozilla.org	WARN	Loading extension 'screenshots@mozilla.org': Reading manifest: Invalid host permission: resource://pdf.js/
1551899321110	addons.webextension.screenshots@mozilla.org	WARN	Loading extension 'screenshots@mozilla.org': Reading manifest: Invalid host permission: about:reader*

(firefox:4850): Gtk-WARNING **: 20:08:41.330: Theme parsing error: <data>:1:31: Expected ')' in color definition

(firefox:4850): Gtk-WARNING **: 20:08:41.330: Theme parsing error: <data>:1:75: Expected ')' in color definition
1551899322540	Marionette	INFO	Listening on port 43399
1551899322578	Marionette	WARN	TLS certificate errors will be ignored for this session

(/usr/lib/firefox/firefox:5067): dconf-WARNING **: 20:08:54.483: Unable to open /var/lib/snapd/desktop/dconf/profile/user: Permission denied
console.error: BroadcastService: 
  receivedBroadcastMessage: handler for
  remote-settings/monitor_changes
  threw error:
  Message: Error: Polling for changes failed: NetworkError when attempting to fetch resource..
  Stack:
    remoteSettingsFunction/remoteSettings.pollChanges@resource://services-settings/remote-settings.js:188:13

1551899345074	Marionette	INFO	Stopped listening on port 43399
[Parent 4850, Gecko_IOThread] WARNING: pipe error (79): Connection reset by peer: file /build/firefox-eA9fYo/firefox-65.0.1+build2/ipc/chromium/src/chrome/common/ipc_channel_posix.cc, line 349

###!!! [Child][RunMessage] Error: Channel closing: too late to send/recv, messages will be lost


###!!! [Child][RunMessage] Error: Channel closing: too late to send/recv, messages will be lost


###!!! [Child][RunMessage] Error: Channel closing: too late to send/recv, messages will be lost


###!!! [Child][RunMessage] Error: Channel closing: too late to send/recv, messages will be lost

1551900036327	mozrunner::runner	INFO	Running command: "/usr/bin/firefox" "-marionette" "-foreground" "-no-remote" "-profile" "/tmp/rust_mozprofile.ZZfxPtnO5n3Y"
1551900036680	addons.webextension.screenshots@mozilla.org	WARN	Loading extension 'screenshots@mozilla.org': Reading manifest: Invalid host permission: resource://pdf.js/
1551900036680	addons.webextension.screenshots@mozilla.org	WARN	Loading extension 'screenshots@mozilla.org': Reading manifest: Invalid host permission: about:reader*

(firefox:6743): Gtk-WARNING **: 20:20:36.870: Theme parsing error: <data>:1:31: Expected ')' in color definition

(firefox:6743): Gtk-WARNING **: 20:20:36.870: Theme parsing error: <data>:1:75: Expected ')' in color definition
1551900037839	Marionette	INFO	Listening on port 41073
1551900037940	Marionette	WARN	TLS certificate errors will be ignored for this session

(/usr/lib/firefox/firefox:6852): dconf-WARNING **: 20:20:45.804: Unable to open /var/lib/snapd/desktop/dconf/profile/user: Permission denied
1551900056477	Marionette	INFO	Stopped listening on port 41073
1556716148383	mozrunner::runner	INFO	Running command: "/usr/bin/firefox" "-marionette" "-foreground" "-no-remote" "-profile" "/tmp/rust_mozprofile.vUb2DzYGjmYK"
1556716148761	addons.webextension.screenshots@mozilla.org	WARN	Loading extension 'screenshots@mozilla.org': Reading manifest: Invalid extension permission: mozillaAddons
1556716148761	addons.webextension.screenshots@mozilla.org	WARN	Loading extension 'screenshots@mozilla.org': Reading manifest: Invalid extension permission: resource://pdf.js/
1556716148761	addons.webextension.screenshots@mozilla.org	WARN	Loading extension 'screenshots@mozilla.org': Reading manifest: Invalid extension permission: about:reader*
1556716149820	Marionette	INFO	Listening on port 39317
1556716149902	Marionette	WARN	TLS certificate errors will be ignored for this session
1556716165775	Marionette	INFO	Stopped listening on port 39317
JavaScript error: resource://gre/modules/WebProgressChild.jsm, line 61: TypeError: this.mm.content is null
